[35m[Appium][39m Welcome to Appium v1.22.3
[35m[Appium][39m Non-default server args:
[35m[Appium][39m   port: 49779
[35m[Appium][39m   loglevel: info
[35m[Appium][39m   tmpDir: /var/folders/yl/88j0161n5kg7_np0dtj5sys00000gp/T//Katalon/Appium/Temp1658979813732
[35m[Appium][39m   chromedriverPort: 49780
[35m[Appium][39m Deprecated server args:
[35m[Appium][39m   [31m--chromedriver-port[39m => --default-capabilities
[35m[Appium][39m Default capabilities, which will be added to each request unless overridden by desired capabilities:
[35m[Appium][39m   chromedriverPort: 49780
[35m[Appium][39m Appium REST http interface listener started on 0.0.0.0:49779
[35m[HTTP][39m [37m-->[39m [37mGET[39m [37m/wd/hub/status[39m
[35m[HTTP][39m [90m{}[39m
[35m[HTTP][39m [37m<-- GET /wd/hub/status [39m[32m200[39m [90m6 ms - 68[39m
[35m[HTTP][39m [90m[39m
[35m[HTTP][39m [37m-->[39m [37mGET[39m [37m/wd/hub/status[39m
[35m[HTTP][39m [90m{}[39m
[35m[HTTP][39m [37m<-- GET /wd/hub/status [39m[32m200[39m [90m1 ms - 68[39m
[35m[HTTP][39m [90m[39m
[35m[HTTP][39m [37m-->[39m [37mPOST[39m [37m/wd/hub/session[39m
[35m[HTTP][39m [90m{"desiredCapabilities":{"app":"/Users/lianarahmadani/Downloads/lookin_latest_ipa_apk/app-release.apk","noReset":true,"deviceName":"Xiaomi 2201117TY (Android 11)","fullReset":false,"platform":"ANDROID","newCommandTimeout":1800,"platformVersion":"11","automationName":"uiautomator2","autoGrantPermissions":true,"platformName":"Android","udid":"7ca4a586","systemPort":49788},"capabilities":{"firstMatch":[{"appium:app":"/Users/lianarahmadani/Downloads/lookin_latest_ipa_apk/app-release.apk","appium:autoGrantPermissions":true,"appium:automationName":"uiautomator2","appium:deviceName":"Xiaomi 2201117TY (Android 11)","appium:fullReset":false,"appium:newCommandTimeout":1800,"appium:noReset":true,"platform":"ANDROID","platformName":"android","appium:platformVersion":"11","appium:systemPort":49788,"appium:udid":"7ca4a586"}]}}[39m
[35m[BaseDriver][39m The following capabilities are not standard capabilities and should have an extension prefix:
[35m[BaseDriver][39m   platform
[35m[BaseDriver][39m   chromedriverPort
[35m[Appium][39m Appium v1.22.3 creating new AndroidUiautomator2Driver (v1.70.1) session
[35m[BaseDriver][39m The following capabilities were provided, but are not recognized by Appium:
[35m[BaseDriver][39m   platform
[35m[BaseDriver][39m Session created with session id: 448dee45-dbbb-4423-9b92-058a936f3f49
[35m[BaseDriver][39m Using local app '/Users/lianarahmadani/Downloads/lookin_latest_ipa_apk/app-release.apk'
[35m[ADB][39m Found 1 'build-tools' folders under '/Users/lianarahmadani/.katalon/tools/android_sdk' (newest first):
[35m[ADB][39m     /Users/lianarahmadani/.katalon/tools/android_sdk/build-tools/29.0.3
[35m[ADB][39m Using 'adb' from '/Users/lianarahmadani/.katalon/tools/android_sdk/platform-tools/adb'
[35m[AndroidDriver][39m Retrieving device list
[35m[AndroidDriver][39m Using device: 7ca4a586
[35m[ADB][39m Using 'adb' from '/Users/lianarahmadani/.katalon/tools/android_sdk/platform-tools/adb'
[35m[ADB][39m Getting device platform version
[35m[UiAutomator2][39m Relaxing hidden api policy
[35m[UiAutomator2][39m Unable to remove system port forward: Error executing adbExec. Original error: 'Command '/Users/lianarahmadani/.katalon/tools/android_sdk/platform-tools/adb -P 5037 -s 7ca4a586 forward --remove tcp\:49788' exited with code 1'; Command output: adb: error: listener 'tcp:49788' not found
[35m[UiAutomator2][39m 
[35m[UiAutomator2][39m Restoring hidden api policy to the device default configuration
[35m[HTTP][39m [37m<-- POST /wd/hub/session [39m[31m500[39m [90m639 ms - 10033[39m
[35m[HTTP][39m [90m[39m
[35m[Appium][39m Received SIGTERM - shutting down
